<?xml version="1.0" encoding="UTF-8"?>
<!-- Generated by org.testng.reporters.JUnitXMLReporter -->
<testsuite ignored="12" hostname="Gerardos-MBP.huawei.net" failures="0" tests="1" name="Default test" time="0.903" errors="0" timestamp="2022-08-17T16:08:58 CDT">
  <testcase classname="com.unosquare.test.FirstAPITest" name="f_HttpObjects" time="0.887"/>
  <testcase classname="com.unosquare.test.FirstAPITest" name="f_Gherkin" time="0.0">
    <ignored/>
  </testcase> <!-- f_Gherkin -->
  <testcase classname="com.unosquare.test.FirstAPITest" name="f_Gherkin_2" time="0.0">
    <ignored/>
  </testcase> <!-- f_Gherkin_2 -->
  <testcase classname="com.unosquare.test.FirstAPITest" name="f_GetListResource" time="0.0">
    <ignored/>
  </testcase> <!-- f_GetListResource -->
  <testcase classname="com.unosquare.test.FirstAPITest" name="f_GetSingleUser" time="0.0">
    <ignored/>
  </testcase> <!-- f_GetSingleUser -->
  <testcase classname="com.unosquare.test.FirstAPITest" name="f_GetSingleUserNotFound" time="0.0">
    <ignored/>
  </testcase> <!-- f_GetSingleUserNotFound -->
  <testcase classname="com.unosquare.test.FirstAPITest" name="f_PostLoginUnsuccessfull" time="0.0">
    <ignored/>
  </testcase> <!-- f_PostLoginUnsuccessfull -->
  <testcase classname="com.unosquare.test.FirstAPITest" name="f_PutUpdate" time="0.0">
    <ignored/>
  </testcase> <!-- f_PutUpdate -->
  <testcase classname="com.unosquare.test.FirstAPITest" name="f_PostRegister" time="0.0">
    <ignored/>
  </testcase> <!-- f_PostRegister -->
  <testcase classname="com.unosquare.test.FirstAPITest" name="f_PostRegisterUnsuccessfull" time="0.0">
    <ignored/>
  </testcase> <!-- f_PostRegisterUnsuccessfull -->
  <testcase classname="com.unosquare.test.FirstAPITest" name="f_GetSingleResource" time="0.0">
    <ignored/>
  </testcase> <!-- f_GetSingleResource -->
  <testcase classname="com.unosquare.test.FirstAPITest" name="f_FirstPost" time="0.0">
    <ignored/>
  </testcase> <!-- f_FirstPost -->
  <testcase classname="com.unosquare.test.FirstAPITest" name="f_PostLogin" time="0.0">
    <ignored/>
  </testcase> <!-- f_PostLogin -->
</testsuite> <!-- Default test -->
