<?xml version="1.0" encoding="UTF-8"?>
<!-- Generated by org.testng.reporters.JUnitXMLReporter -->
<testsuite ignored="2" hostname="Gerardos-MBP.huawei.net" failures="0" tests="1" name="Default test" time="1.074" errors="0" timestamp="2022-08-15T16:28:40 CDT">
  <testcase classname="com.unosquare.FirstAPITest" name="f_HttpObjects" time="1.059"/>
  <testcase classname="com.unosquare.FirstAPITest" name="f_Gherkin_2" time="0.0">
    <ignored/>
  </testcase> <!-- f_Gherkin_2 -->
  <testcase classname="com.unosquare.FirstAPITest" name="f_Gherkin" time="0.0">
    <ignored/>
  </testcase> <!-- f_Gherkin -->
</testsuite> <!-- Default test -->
