<?xml version="1.0" encoding="UTF-8"?>
<testng-results ignored="2" total="3" passed="1" failed="0" skipped="0">
  <reporter-output>
    <line>
      <![CDATA[Sucess 200 validation]]>
    </line>
  </reporter-output>
  <suite started-at="2022-08-15T16:28:39 CDT" name="Default suite" finished-at="2022-08-15T16:28:40 CDT" duration-ms="1074">
    <groups>
    </groups>
    <test started-at="2022-08-15T16:28:39 CDT" name="Default test" finished-at="2022-08-15T16:28:40 CDT" duration-ms="1074">
      <class name="com.unosquare.FirstAPITest">
        <test-method is-config="true" signature="beforeMethod()[pri:0, instance:com.unosquare.FirstAPITest@68c72235]" started-at="2022-08-15T16:28:39 CDT" name="beforeMethod" finished-at="2022-08-15T16:28:39 CDT" duration-ms="2" status="PASS">
          <reporter-output>
          </reporter-output>
        </test-method> <!-- beforeMethod -->
        <test-method signature="f_HttpObjects()[pri:0, instance:com.unosquare.FirstAPITest@68c72235]" started-at="2022-08-15T16:28:39 CDT" name="f_HttpObjects" finished-at="2022-08-15T16:28:40 CDT" duration-ms="1059" status="PASS">
          <reporter-output>
            <line>
              <![CDATA[Sucess 200 validation]]>
            </line>
          </reporter-output>
        </test-method> <!-- f_HttpObjects -->
      </class> <!-- com.unosquare.FirstAPITest -->
    </test> <!-- Default test -->
  </suite> <!-- Default suite -->
</testng-results>
