<?xml version="1.0" encoding="UTF-8"?>
<testng-results ignored="12" total="13" passed="1" failed="0" skipped="0">
  <reporter-output>
    <line>
      <![CDATA[{
    "data": {
        "id": 2,
        "email": "janet.weaver@reqres.in",
        "first_name": "Janet",
        "last_name": "Weaver",
        "avatar": "https://reqres.in/img/faces/2-image.jpg"
    },
    "support": {
        "url": "https://reqres.in/#support-heading",
        "text": "To keep ReqRes free, contributions towards server costs are appreciated!"
    }
}]]>
    </line>
    <line>
      <![CDATA[200]]>
    </line>
    <line>
      <![CDATA[Sucess 200 validation]]>
    </line>
  </reporter-output>
  <suite started-at="2022-08-17T16:08:57 CDT" name="Default suite" finished-at="2022-08-17T16:08:58 CDT" duration-ms="903">
    <groups>
    </groups>
    <test started-at="2022-08-17T16:08:57 CDT" name="Default test" finished-at="2022-08-17T16:08:58 CDT" duration-ms="903">
      <class name="com.unosquare.test.FirstAPITest">
        <test-method is-config="true" signature="beforeMethod()[pri:0, instance:com.unosquare.test.FirstAPITest@2bfc268b]" started-at="2022-08-17T16:08:57 CDT" name="beforeMethod" finished-at="2022-08-17T16:08:57 CDT" duration-ms="3" status="PASS">
          <reporter-output>
          </reporter-output>
        </test-method> <!-- beforeMethod -->
        <test-method signature="f_HttpObjects()[pri:0, instance:com.unosquare.test.FirstAPITest@2bfc268b]" started-at="2022-08-17T16:08:57 CDT" name="f_HttpObjects" finished-at="2022-08-17T16:08:58 CDT" duration-ms="887" status="PASS">
          <reporter-output>
            <line>
              <![CDATA[{
    "data": {
        "id": 2,
        "email": "janet.weaver@reqres.in",
        "first_name": "Janet",
        "last_name": "Weaver",
        "avatar": "https://reqres.in/img/faces/2-image.jpg"
    },
    "support": {
        "url": "https://reqres.in/#support-heading",
        "text": "To keep ReqRes free, contributions towards server costs are appreciated!"
    }
}]]>
            </line>
            <line>
              <![CDATA[200]]>
            </line>
            <line>
              <![CDATA[Sucess 200 validation]]>
            </line>
          </reporter-output>
        </test-method> <!-- f_HttpObjects -->
      </class> <!-- com.unosquare.test.FirstAPITest -->
    </test> <!-- Default test -->
  </suite> <!-- Default suite -->
</testng-results>
